total 84K
drwxr-xr-x   1 root root 4.0K Oct 16 04:06 .
drwxr-xr-x   1 root root 4.0K Oct 16 04:06 ..
-rwxr-xr-x   1 root root    0 Oct 16 04:06 .dockerenv
-rw-r--r--   1 root root 5.6K Jan  1  1970 admin.kubeconfig
-rw-r--r--   1 root root  12K Oct  6 19:15 anaconda-post.log
lrwxrwxrwx   1 root root    7 Oct  6 19:14 bin -> usr/bin
-rwxr-xr-x   1 root root  432 Jan  1  1970 create.sh
drwxr-xr-x  10 root root 2.8K Oct 16 04:06 dev
-rw-r--r--   1 root root  299 Jan  1  1970 dockerconfigjson
drwxr-xr-x   1 root root 4.0K Oct 16 04:06 etc
drwxr-xr-x   2 root root 4.0K Apr 11  2018 home
lrwxrwxrwx   1 root root    7 Oct  6 19:14 lib -> usr/lib
lrwxrwxrwx   1 root root    9 Oct  6 19:14 lib64 -> usr/lib64
drwxr-xr-x   2 root root 4.0K Apr 11  2018 media
drwxr-xr-x   2 root root 4.0K Apr 11  2018 mnt
-rw-r--r--   1 root root    9 Jan  1  1970 namespace-file
drwxr-xr-x   2 root root 4.0K Apr 11  2018 opt
dr-xr-xr-x 268 root root    0 Oct 16 04:02 proc
dr-xr-x---   2 root root 4.0K Oct  6 19:15 root
drwxr-xr-x   1 root root 4.0K Oct 11 07:44 run
lrwxrwxrwx   1 root root    8 Oct  6 19:14 sbin -> usr/sbin
drwxr-xr-x   2 root root 4.0K Apr 11  2018 srv
dr-xr-xr-x  13 root root    0 Oct 16 04:04 sys
drwxrwxrwt   1 root root 4.0K Oct 11 07:44 tmp
drwxr-xr-x   1 root root 4.0K Oct  6 19:14 usr
drwxr-xr-x   1 root root 4.0K Oct  6 19:14 var
secret/imagestreamsecret created
