+ ls -alh /
+ ns=
+ '[' -s /namespace-file ']'
++ cat /namespace-file
+ ns='--namespace=openshift '
++ cat /dockerconfigjson
+ dockerconfigjson='{
  "credSstore" : "osxkeychain",
  "auths" : {
    "https://registry.access.redhat.com/v1/" : {

    },
    "172.30.1.1:5000" : {

    },
    "https://172.30.1.1:5000" : {

    }
  },
  "HttpHeaders" : {
    "User-Agent" : "Docker-Client/18.03.1-ce (darwin)"
  },
  "credsStore" : "osxkeychain"
}'
+ oc create secret generic imagestreamsecret --dry-run -o yaml --type=kubernetes.io/dockerconfigjson '--from-literal=.dockerconfigjson={
  "credSstore" : "osxkeychain",
  "auths" : {
    "https://registry.access.redhat.com/v1/" : {

    },
    "172.30.1.1:5000" : {

    },
    "https://172.30.1.1:5000" : {

    }
  },
  "HttpHeaders" : {
    "User-Agent" : "Docker-Client/18.03.1-ce (darwin)"
  },
  "credsStore" : "osxkeychain"
}' --namespace=openshift --config=/admin.kubeconfig
+ oc apply -f /tmp/secret.yaml --namespace=openshift --config=/admin.kubeconfig
